SF:lib/core/auth/auth_service.dart
DA:5,1
DA:14,1
DA:18,2
DA:29,1
DA:30,2
DA:39,1
DA:43,2
DA:55,1
DA:56,2
LF:9
LH:9
end_of_record
SF:lib/data/database/database.g.dart
DA:11,2
DA:14,4
DA:15,2
DA:21,4
DA:22,2
DA:24,2
DA:25,6
DA:26,2
DA:27,2
DA:28,2
DA:30,2
DA:33,2
DA:34,2
DA:35,2
DA:36,2
DA:37,6
DA:39,0
DA:41,2
DA:42,2
DA:43,6
DA:45,0
DA:50,2
DA:51,2
DA:52,2
DA:54,0
DA:55,2
DA:56,4
DA:57,6
DA:58,4
DA:59,6
DA:63,2
DA:65,4
DA:72,3
DA:73,2
DA:75,2
DA:76,6
DA:77,6
DA:81,0
DA:82,0
DA:83,0
DA:84,0
DA:88,0
DA:90,0
DA:91,0
DA:92,0
DA:93,0
DA:96,0
DA:98,0
DA:99,0
DA:100,0
DA:101,0
DA:105,0
DA:106,0
DA:107,0
DA:109,0
DA:111,0
DA:112,0
DA:113,0
DA:114,0
DA:115,0
DA:118,0
DA:119,0
DA:120,0
DA:123,0
DA:124,0
DA:125,0
DA:132,0
DA:137,0
DA:141,0
DA:142,0
DA:143,0
DA:148,0
DA:149,0
DA:150,0
DA:151,0
DA:155,0
DA:157,0
DA:158,0
DA:159,0
DA:160,0
DA:164,0
DA:166,0
DA:167,0
DA:168,0
DA:170,0
DA:171,0
DA:173,0
DA:174,0
DA:179,0
DA:181,0
DA:182,0
DA:183,0
DA:184,0
DA:185,0
DA:186,0
DA:191,4
DA:192,2
DA:193,2
DA:194,2
DA:195,2
DA:196,0
DA:198,0
DA:199,2
DA:200,4
LF:104
LH:41
end_of_record
SF:lib/data/database/database.dart
DA:18,0
DA:20,4
DA:22,2
DA:26,0
DA:27,0
DA:28,0
DA:29,0
DA:30,0
LF:8
LH:2
end_of_record
SF:lib/data/datasources/local/word_details_local_datasource.dart
DA:13,1
DA:17,1
DA:19,2
DA:24,3
DA:28,1
DA:30,3
DA:31,1
DA:32,1
LF:8
LH:8
end_of_record
SF:lib/data/models/word_details_model.dart
DA:7,2
DA:17,2
DA:18,2
DA:19,2
DA:20,2
DA:22,2
DA:23,2
DA:25,0
DA:26,0
DA:27,0
DA:28,0
DA:29,0
DA:30,0
DA:31,0
DA:32,0
DA:34,0
DA:35,2
DA:36,0
DA:37,2
DA:39,2
DA:40,2
DA:42,2
DA:43,2
DA:49,2
DA:52,0
LF:25
LH:14
end_of_record
SF:lib/data/database/dao/word_details_dao.g.dart
DA:7,2
DA:8,4
LF:2
LH:2
end_of_record
SF:lib/data/database/dao/word_details_dao.dart
DA:11,4
DA:17,6
DA:18,8
DA:19,2
DA:20,8
DA:21,2
DA:22,2
DA:26,2
DA:27,6
DA:30,6
DA:31,8
DA:32,2
DA:33,8
DA:34,2
DA:35,2
LF:15
LH:15
end_of_record
SF:lib/data/database/tables/word_details_table.dart
DA:5,0
DA:7,0
DA:9,0
DA:10,0
LF:4
LH:0
end_of_record
SF:lib/domain/entities/word_details_entity.dart
DA:4,2
DA:22,0
DA:23,0
DA:24,0
DA:25,0
DA:26,0
DA:27,0
DA:28,0
DA:29,0
DA:30,0
DA:33,0
DA:42,0
DA:43,0
DA:44,0
DA:45,0
DA:46,0
DA:47,0
DA:48,0
DA:49,0
DA:55,0
DA:73,0
DA:74,0
DA:75,0
DA:76,0
DA:77,0
DA:78,0
DA:79,0
DA:80,0
DA:81,0
DA:86,2
DA:91,0
DA:92,0
DA:96,2
DA:100,0
DA:101,0
LF:35
LH:3
end_of_record
SF:lib/core/navigation/widgets/auth_wrapper.dart
DA:12,1
DA:23,1
DA:25,1
DA:26,2
DA:27,1
DA:28,2
DA:29,1
LF:7
LH:7
end_of_record
SF:lib/presentation/pages/auth/cubit/auth_state.dart
DA:4,2
DA:6,0
DA:7,0
DA:11,2
DA:15,1
DA:19,1
DA:23,1
DA:27,0
DA:31,0
DA:32,0
DA:36,1
DA:40,0
DA:44,0
DA:45,0
LF:14
LH:6
end_of_record
SF:lib/presentation/pages/auth/cubit/auth_cubit.dart
DA:9,0
DA:18,0
DA:22,0
DA:24,0
DA:26,0
DA:31,0
DA:32,0
DA:33,0
DA:44,0
DA:45,0
DA:47,0
DA:49,0
DA:51,0
DA:52,0
DA:53,0
DA:63,0
DA:67,0
DA:69,0
DA:71,0
DA:76,0
DA:77,0
DA:78,0
DA:88,0
DA:89,0
DA:91,0
DA:93,0
DA:95,0
DA:96,0
DA:97,0
LF:29
LH:0
end_of_record
SF:lib/presentation/pages/auth/sign_in_page.dart
DA:10,1
DA:12,1
DA:14,1
DA:15,1
DA:17,1
DA:18,1
DA:21,1
DA:22,1
DA:23,1
DA:25,1
DA:26,1
DA:27,1
DA:30,1
DA:32,1
DA:34,1
DA:35,1
DA:41,1
DA:45,1
DA:46,0
DA:48,0
DA:50,0
DA:51,0
DA:52,0
DA:53,0
DA:61,1
DA:64,0
DA:65,0
DA:66,0
DA:68,0
DA:69,0
DA:74,1
DA:77,0
DA:78,0
DA:83,1
DA:86,0
DA:87,0
LF:36
LH:21
end_of_record
SF:lib/domain/failures/failures.dart
DA:11,0
DA:15,0
DA:16,0
DA:18,0
DA:19,0
DA:21,0
DA:22,0
DA:25,0
DA:35,0
DA:39,0
DA:43,0
DA:47,0
LF:12
LH:0
end_of_record
SF:lib/domain/usecases/auth_usecases.dart
DA:9,0
DA:18,0
DA:22,0
DA:32,0
DA:33,0
DA:42,0
DA:46,0
DA:55,0
DA:56,0
LF:9
LH:0
end_of_record
SF:lib/presentation/widgets/custom_text_form_field.dart
DA:4,1
DA:19,1
DA:21,1
DA:22,1
DA:23,1
DA:24,1
DA:25,1
DA:26,1
DA:27,1
DA:28,3
DA:30,1
DA:32,1
DA:34,1
LF:13
LH:13
end_of_record
SF:lib/presentation/widgets/password_form_field.dart
DA:6,1
DA:15,1
DA:17,1
DA:19,1
DA:20,1
DA:22,1
DA:23,1
DA:24,0
DA:25,0
DA:27,1
DA:28,1
DA:31,1
LF:12
LH:10
end_of_record
SF:lib/data/datasources/remote/dictionary_remote_datasource.dart
DA:11,1
DA:15,1
DA:20,1
DA:21,1
DA:22,2
DA:23,1
DA:26,0
DA:28,1
DA:31,1
LF:9
LH:8
end_of_record
SF:lib/data/models/dictionary_model.dart
DA:6,1
DA:11,1
DA:13,1
DA:14,5
DA:16,4
LF:5
LH:5
end_of_record
SF:lib/domain/entities/dictionary_entity.dart
DA:8,1
DA:13,0
DA:14,0
LF:3
LH:1
end_of_record
SF:lib/data/datasources/remote/history_remote_datasource.dart
DA:13,1
DA:21,1
DA:24,2
DA:25,0
DA:30,1
DA:31,4
DA:32,2
DA:33,1
DA:36,0
DA:38,1
DA:41,1
DA:44,1
DA:46,2
DA:47,0
DA:50,1
DA:51,4
DA:52,2
LF:17
LH:14
end_of_record
SF:lib/data/models/history_model.dart
DA:6,1
DA:11,1
DA:13,1
DA:14,5
DA:16,4
LF:5
LH:5
end_of_record
SF:lib/domain/entities/history_entity.dart
DA:8,1
DA:13,0
DA:14,0
LF:3
LH:1
end_of_record
SF:lib/data/datasources/remote/word_details_remote_datasource.dart
DA:10,1
DA:14,1
DA:17,2
DA:18,1
DA:21,2
DA:22,1
DA:24,1
DA:26,2
DA:30,1
DA:33,1
LF:10
LH:10
end_of_record
SF:lib/data/datasources/remote/auth_remote_datasource.dart
DA:18,1
DA:22,1
DA:27,2
DA:30,1
DA:32,2
DA:35,1
DA:40,2
DA:43,1
DA:45,2
LF:9
LH:9
end_of_record
SF:lib/data/datasources/remote/favorites_remote_datasource.dart
DA:15,1
DA:23,1
DA:27,2
DA:28,0
DA:33,1
DA:34,4
DA:35,2
DA:36,1
DA:39,0
DA:41,1
DA:44,1
DA:47,1
DA:49,2
DA:50,0
DA:53,1
DA:54,4
DA:55,2
DA:58,1
DA:60,2
DA:61,0
DA:64,1
DA:65,4
DA:66,2
DA:67,1
DA:68,1
DA:70,2
DA:73,1
DA:75,2
DA:76,0
DA:79,1
DA:80,4
DA:81,1
DA:82,1
LF:33
LH:28
end_of_record
SF:lib/data/models/favorites_model.dart
DA:6,1
DA:11,1
DA:13,1
DA:14,5
DA:16,4
LF:5
LH:5
end_of_record
SF:lib/domain/entities/favorites_entity.dart
DA:8,1
DA:13,0
DA:14,0
LF:3
LH:1
end_of_record
